{
  "stats": {
    "suites": 1,
    "tests": 5,
    "passes": 5,
    "pending": 0,
    "failures": 0,
    "start": "2023-07-28T08:47:59.397Z",
    "end": "2023-07-28T08:48:25.344Z",
    "duration": 25947,
    "testsRegistered": 5,
    "passPercent": 100,
    "pendingPercent": 0,
    "other": 0,
    "hasOther": false,
    "skipped": 0,
    "hasSkipped": false
  },
  "results": [
    {
      "uuid": "b49ddacc-9a48-4205-95bc-30143909267b",
      "title": "",
      "fullFile": "cypress\\integration\\registerReg.spec.js",
      "file": "cypress\\integration\\registerReg.spec.js",
      "beforeHooks": [],
      "afterHooks": [],
      "tests": [],
      "suites": [
        {
          "uuid": "e7d79f95-1c5a-459d-8107-4cabb0057a1d",
          "title": "Test Case Register Regular Page",
          "fullFile": "",
          "file": "",
          "beforeHooks": [],
          "afterHooks": [],
          "tests": [
            {
              "title": "User Should failed register regular because name terlalu pendek",
              "fullTitle": "Test Case Register Regular Page User Should failed register regular because name terlalu pendek",
              "timedOut": null,
              "duration": 6181,
              "state": "passed",
              "speed": "medium",
              "pass": true,
              "fail": false,
              "pending": false,
              "context": null,
              "code": "registerReg.registerReg(_testDataReg.default.namePendek, _testDataReg.default.password, _testDataReg.default.numberPhone);\nregisterReg.verifyNameGagal();",
              "err": {},
              "uuid": "828c5a3a-8234-41b4-861e-de27bc62be50",
              "parentUUID": "e7d79f95-1c5a-459d-8107-4cabb0057a1d",
              "isHook": false,
              "skipped": false
            },
            {
              "title": "User Should failed register regular because Password Very Low",
              "fullTitle": "Test Case Register Regular Page User Should failed register regular because Password Very Low",
              "timedOut": null,
              "duration": 3709,
              "state": "passed",
              "speed": "fast",
              "pass": true,
              "fail": false,
              "pending": false,
              "context": null,
              "code": "registerReg.registerReg(_testDataReg.default.name, _testDataReg.default.lowPass, _testDataReg.default.numberPhone);\nregisterReg.verifyPassGagal();",
              "err": {},
              "uuid": "ac74e75c-9444-40c0-b879-772d545335b0",
              "parentUUID": "e7d79f95-1c5a-459d-8107-4cabb0057a1d",
              "isHook": false,
              "skipped": false
            },
            {
              "title": "User Should failed register regular because Number Phone terlalu pendek",
              "fullTitle": "Test Case Register Regular Page User Should failed register regular because Number Phone terlalu pendek",
              "timedOut": null,
              "duration": 3523,
              "state": "passed",
              "speed": "fast",
              "pass": true,
              "fail": false,
              "pending": false,
              "context": null,
              "code": "registerReg.registerReg(_testDataReg.default.name, _testDataReg.default.password, _testDataReg.default.wrongNumberPhone);\nregisterReg.verifyNumberPhoneGagal();",
              "err": {},
              "uuid": "6a640fdd-4a10-4f07-86a8-617173424b3e",
              "parentUUID": "e7d79f95-1c5a-459d-8107-4cabb0057a1d",
              "isHook": false,
              "skipped": false
            },
            {
              "title": "User Should failed register regular because Number must be numeric",
              "fullTitle": "Test Case Register Regular Page User Should failed register regular because Number must be numeric",
              "timedOut": null,
              "duration": 3767,
              "state": "passed",
              "speed": "fast",
              "pass": true,
              "fail": false,
              "pending": false,
              "context": null,
              "code": "registerReg.registerReg(_testDataReg.default.name, _testDataReg.default.password, _testDataReg.default.numericNumberPhone);\nregisterReg.verifyNumericPhoneGagal();",
              "err": {},
              "uuid": "86bf8d91-54a8-4761-9c63-ac5c20f795f3",
              "parentUUID": "e7d79f95-1c5a-459d-8107-4cabb0057a1d",
              "isHook": false,
              "skipped": false
            },
            {
              "title": "User Should successfully register regular",
              "fullTitle": "Test Case Register Regular Page User Should successfully register regular",
              "timedOut": null,
              "duration": 4609,
              "state": "passed",
              "speed": "fast",
              "pass": true,
              "fail": false,
              "pending": false,
              "context": null,
              "code": "registerReg.registerReg(_testDataReg.default.name, _testDataReg.default.password, _testDataReg.default.numberPhone);\nregisterReg.verifyRegisterSuccess();",
              "err": {},
              "uuid": "562626e1-c7cb-40be-836e-c989df8ed745",
              "parentUUID": "e7d79f95-1c5a-459d-8107-4cabb0057a1d",
              "isHook": false,
              "skipped": false
            }
          ],
          "suites": [],
          "passes": [
            "828c5a3a-8234-41b4-861e-de27bc62be50",
            "ac74e75c-9444-40c0-b879-772d545335b0",
            "6a640fdd-4a10-4f07-86a8-617173424b3e",
            "86bf8d91-54a8-4761-9c63-ac5c20f795f3",
            "562626e1-c7cb-40be-836e-c989df8ed745"
          ],
          "failures": [],
          "pending": [],
          "skipped": [],
          "duration": 21789,
          "root": false,
          "rootEmpty": false,
          "_timeout": 2000
        }
      ],
      "passes": [],
      "failures": [],
      "pending": [],
      "skipped": [],
      "duration": 0,
      "root": true,
      "rootEmpty": true,
      "_timeout": 2000
    }
  ],
  "meta": {
    "mocha": {
      "version": "7.0.1"
    },
    "mochawesome": {
      "options": {
        "quiet": false,
        "reportFilename": "mochawesome",
        "saveHtml": true,
        "saveJson": true,
        "consoleReporter": "spec",
        "useInlineDiffs": false,
        "code": true
      },
      "version": "7.1.3"
    },
    "marge": {
      "options": null,
      "version": "6.2.0"
    }
  }
}